[2018-05-01 21:39:49] local.INFO: array (
  'CallSid' => '4066e3e26de952ef92c96df11cb29f63',
  'CallFrom' => '09662611234',
  'CallTo' => '07930256821',
  'Direction' => 'incoming',
  'ForwardedFrom' => 'null',
  'Created' => 'Tue, 01 May 2018 16:10:13',
  'DialCallDuration' => '0',
  'RecordingUrl' => 'null',
  'StartTime' => '2018-05-01 16:10:13',
  'EndTime' => '1970-01-01 05:30:00',
  'DialCallStatus' => 'null',
  'CallType' => 'call-attempt',
  'DialWhomNumber' => NULL,
  'ProcessStatus' => 'null',
  'flow_id' => '170869',
  'tenant_id' => '70559',
  'From' => '09662611234',
  'To' => '07930256821',
  'CurrentTime' => '2018-05-01 16:10:14',
  'UniqId' => '421',
)  
